<?xml version="1.0" encoding="UTF-8"?>
<!-- Generated by org.testng.reporters.JUnitXMLReporter -->
<testsuite hostname="LeninStalin" ignored="0" name="Chrome Test" tests="1" failures="1" timestamp="07 Oct 2021 05:40:26 GMT" time="19.41" errors="0">
  <testcase name="tc" time="19.342" classname="org.testNg.Ques6">
    <failure type="java.io.IOException" message="Destination &amp;apos;C:\Users\Satz\eclipse-workspace\TESTNG\Screenshots&amp;apos; directory cannot be created">
      <![CDATA[java.io.IOException: Destination 'C:\Users\Satz\eclipse-workspace\TESTNG\Screenshots' directory cannot be created
at org.apache.commons.io.FileUtils.copyFile(FileUtils.java:1085)
at org.apache.commons.io.FileUtils.copyFile(FileUtils.java:1038)
at org.utilities.BaseClass.takeSnap(BaseClass.java:290)
at org.testNg.Ques6.tc(Ques6.java:27)
at java.util.concurrent.FutureTask.run(Unknown Source)
at java.util.concurrent.ThreadPoolExecutor.runWorker(Unknown Source)
at java.util.concurrent.ThreadPoolExecutor$Worker.run(Unknown Source)
at java.lang.Thread.run(Unknown Source)
... Removed 16 stack frames]]>
    </failure>
  </testcase> <!-- tc -->
</testsuite> <!-- Chrome Test -->
