<?xml version="1.0" encoding="UTF-8"?>
<!-- Generated by org.testng.reporters.JUnitXMLReporter -->
<testsuite hostname="DESKTOP-3SBFD88" ignored="0" name="Edge Test(failed)" tests="1" failures="1" timestamp="27 Sep 2021 13:21:44 GMT" time="73.103" errors="0">
  <testcase name="tc" time="72.689" classname="org.testNg.Ques6">
    <failure type="org.openqa.selenium.WebDriverException" message="unknown error: DevToolsActivePort file doesn&amp;apos;t exist
Build info: version: &amp;apos;3.141.59&amp;apos;, revision: &amp;apos;e82be7d358&amp;apos;, time: &amp;apos;2018-11-14T08:17:03&amp;apos;
System info: host: &amp;apos;DESKTOP-3SBFD88&amp;apos;, ip: &amp;apos;192.168.1.3&amp;apos;, os.name: &amp;apos;Windows 10&amp;apos;, os.arch: &amp;apos;amd64&amp;apos;, os.version: &amp;apos;10.0&amp;apos;, java.version: &amp;apos;1.8.0_291&amp;apos;
Driver info: driver.version: EdgeDriver
remote stacktrace: Backtrace:
	Ordinal0 [0x00007FF7671F92C2+4821698]
	Ordinal0 [0x00007FF766E7D543+1168707]
	Ordinal0 [0x00007FF766EA35AB+1324459]
	Ordinal0 [0x00007FF766E9CC45+1297477]
	Ordinal0 [0x00007FF766ED7883+1538179]
	Ordinal0 [0x00007FF766ED2B6F+1518447]
	Ordinal0 [0x00007FF766EA8E8A+1347210]
	Ordinal0 [0x00007FF766EA9EEF+1351407]
	Ordinal0 [0x00007FF766F5847D+2065533]
	Ordinal0 [0x00007FF766F0D31A+1757978]
	Ordinal0 [0x00007FF7670ED629+3724841]
	Ordinal0 [0x00007FF766F0EC09+1764361]
	Ordinal0 [0x00007FF7671FC4F8+4834552]
	Ordinal0 [0x00007FF7671FBF64+4833124]
	Ordinal0 [0x00007FF7671FBDB6+4832694]
	Ordinal0 [0x00007FF7671A908C+4493452]
	BaseThreadInitThunk [0x00007FFF29D17034+20]
	RtlUserThreadStart [0x00007FFF2A222651+33]
">
      <![CDATA[org.openqa.selenium.WebDriverException: unknown error: DevToolsActivePort file doesn't exist
Build info: version: '3.141.59', revision: 'e82be7d358', time: '2018-11-14T08:17:03'
System info: host: 'DESKTOP-3SBFD88', ip: '192.168.1.3', os.name: 'Windows 10', os.arch: 'amd64', os.version: '10.0', java.version: '1.8.0_291'
Driver info: driver.version: EdgeDriver
remote stacktrace: Backtrace:
Ordinal0 [0x00007FF7671F92C2+4821698]
Ordinal0 [0x00007FF766E7D543+1168707]
Ordinal0 [0x00007FF766EA35AB+1324459]
Ordinal0 [0x00007FF766E9CC45+1297477]
Ordinal0 [0x00007FF766ED7883+1538179]
Ordinal0 [0x00007FF766ED2B6F+1518447]
Ordinal0 [0x00007FF766EA8E8A+1347210]
Ordinal0 [0x00007FF766EA9EEF+1351407]
Ordinal0 [0x00007FF766F5847D+2065533]
Ordinal0 [0x00007FF766F0D31A+1757978]
Ordinal0 [0x00007FF7670ED629+3724841]
Ordinal0 [0x00007FF766F0EC09+1764361]
Ordinal0 [0x00007FF7671FC4F8+4834552]
Ordinal0 [0x00007FF7671FBF64+4833124]
Ordinal0 [0x00007FF7671FBDB6+4832694]
Ordinal0 [0x00007FF7671A908C+4493452]
BaseThreadInitThunk [0x00007FFF29D17034+20]
RtlUserThreadStart [0x00007FFF2A222651+33]

at org.openqa.selenium.remote.W3CHandshakeResponse.lambda$errorHandler$0(W3CHandshakeResponse.java:62)
at org.openqa.selenium.remote.HandshakeResponse.lambda$getResponseFunction$0(HandshakeResponse.java:30)
at org.openqa.selenium.remote.ProtocolHandshake.lambda$createSession$0(ProtocolHandshake.java:126)
at java.util.stream.ReferencePipeline$3$1.accept(Unknown Source)
at java.util.Spliterators$ArraySpliterator.tryAdvance(Unknown Source)
at java.util.stream.ReferencePipeline.forEachWithCancel(Unknown Source)
at java.util.stream.AbstractPipeline.copyIntoWithCancel(Unknown Source)
at java.util.stream.AbstractPipeline.copyInto(Unknown Source)
at java.util.stream.AbstractPipeline.wrapAndCopyInto(Unknown Source)
at java.util.stream.FindOps$FindOp.evaluateSequential(Unknown Source)
at java.util.stream.AbstractPipeline.evaluate(Unknown Source)
at java.util.stream.ReferencePipeline.findFirst(Unknown Source)
at org.openqa.selenium.remote.ProtocolHandshake.createSession(ProtocolHandshake.java:128)
at org.openqa.selenium.remote.ProtocolHandshake.createSession(ProtocolHandshake.java:74)
at org.openqa.selenium.remote.HttpCommandExecutor.execute(HttpCommandExecutor.java:136)
at org.openqa.selenium.remote.service.DriverCommandExecutor.execute(DriverCommandExecutor.java:83)
at org.openqa.selenium.remote.RemoteWebDriver.execute(RemoteWebDriver.java:552)
at org.openqa.selenium.remote.RemoteWebDriver.startSession(RemoteWebDriver.java:213)
at org.openqa.selenium.remote.RemoteWebDriver.<init>(RemoteWebDriver.java:131)
at org.openqa.selenium.edge.EdgeDriver.<init>(EdgeDriver.java:141)
at org.openqa.selenium.edge.EdgeDriver.<init>(EdgeDriver.java:96)
at org.utilities.BaseClass.launchEdge(BaseClass.java:56)
at org.testNg.Ques6.tc(Ques6.java:16)
at java.util.concurrent.FutureTask.run(Unknown Source)
at java.util.concurrent.ThreadPoolExecutor.runWorker(Unknown Source)
at java.util.concurrent.ThreadPoolExecutor$Worker.run(Unknown Source)
at java.lang.Thread.run(Unknown Source)
... Removed 20 stack frames]]>
    </failure>
  </testcase> <!-- tc -->
</testsuite> <!-- Edge Test(failed) -->
